# JRE version: OpenJDK Runtime Environment (8.0_112-b06) (build 1.8.0_112-release-b06)
# Java VM: OpenJDK 64-Bit Server VM (25.112-b06 mixed mode windows-amd64 compressed oops)
Heap:
 PSYoungGen      total 349696K, used 104380K [0x00000000e0000000, 0x0000000100000000, 0x0000000100000000)
  eden space 175104K, 0% used [0x00000000e0000000,0x00000000e0000000,0x00000000eab00000)
  from space 174592K, 59% used [0x00000000eab00000,0x00000000f10ef120,0x00000000f5580000)
  to   space 174592K, 0% used [0x00000000f5580000,0x00000000f5580000,0x0000000100000000)
 ParOldGen       total 1048576K, used 993541K [0x00000000a0000000, 0x00000000e0000000, 0x00000000e0000000)
  object space 1048576K, 94% used [0x00000000a0000000,0x00000000dca41620,0x00000000e0000000)
 Metaspace       used 72910K, capacity 75380K, committed 76800K, reserved 1116160K
  class space    used 9074K, capacity 9550K, committed 9984K, reserved 1048576K
GC Heap History (10 events):
Event: 5804.936 GC heap after
Heap after GC invocations=424 (full 81):
 PSYoungGen      total 346112K, used 79151K [0x00000000e0000000, 0x00000000ff680000, 0x0000000100000000)
  eden space 175104K, 0% used [0x00000000e0000000,0x00000000e0000000,0x00000000eab00000)
  from space 171008K, 46% used [0x00000000eab00000,0x00000000ef84bfe0,0x00000000f5200000)
  to   space 164352K, 0% used [0x00000000f5600000,0x00000000f5600000,0x00000000ff680000)
 ParOldGen       total 1048576K, used 914822K [0x00000000a0000000, 0x00000000e0000000, 0x00000000e0000000)
  object space 1048576K, 87% used [0x00000000a0000000,0x00000000d7d618d8,0x00000000e0000000)
 Metaspace       used 72910K, capacity 75380K, committed 76800K, reserved 1116160K
  class space    used 9074K, capacity 9550K, committed 9984K, reserved 1048576K
}
Event: 5806.209 GC heap before
{Heap before GC invocations=425 (full 81):
 PSYoungGen      total 346112K, used 254255K [0x00000000e0000000, 0x00000000ff680000, 0x0000000100000000)
  eden space 175104K, 100% used [0x00000000e0000000,0x00000000eab00000,0x00000000eab00000)
  from space 171008K, 46% used [0x00000000eab00000,0x00000000ef84bfe0,0x00000000f5200000)
  to   space 164352K, 0% used [0x00000000f5600000,0x00000000f5600000,0x00000000ff680000)
 ParOldGen       total 1048576K, used 914822K [0x00000000a0000000, 0x00000000e0000000, 0x00000000e0000000)
  object space 1048576K, 87% used [0x00000000a0000000,0x00000000d7d618d8,0x00000000e0000000)
 Metaspace       used 72910K, capacity 75380K, committed 76800K, reserved 1116160K
  class space    used 9074K, capacity 9550K, committed 9984K, reserved 1048576K
Event: 5806.491 GC heap after
Heap after GC invocations=425 (full 81):
 PSYoungGen      total 346624K, used 105085K [0x00000000e0000000, 0x00000000ffe00000, 0x0000000100000000)
  eden space 182272K, 0% used [0x00000000e0000000,0x00000000e0000000,0x00000000eb200000)
  from space 164352K, 63% used [0x00000000f5600000,0x00000000fbc9f598,0x00000000ff680000)
  to   space 167936K, 0% used [0x00000000eb200000,0x00000000eb200000,0x00000000f5600000)
 ParOldGen       total 1048576K, used 914822K [0x00000000a0000000, 0x00000000e0000000, 0x00000000e0000000)
  object space 1048576K, 87% used [0x00000000a0000000,0x00000000d7d618d8,0x00000000e0000000)
 Metaspace       used 72910K, capacity 75380K, committed 76800K, reserved 1116160K
  class space    used 9074K, capacity 9550K, committed 9984K, reserved 1048576K
}
Event: 5806.928 GC heap before
{Heap before GC invocations=426 (full 81):
 PSYoungGen      total 346624K, used 287357K [0x00000000e0000000, 0x00000000ffe00000, 0x0000000100000000)
  eden space 182272K, 100% used [0x00000000e0000000,0x00000000eb200000,0x00000000eb200000)
  from space 164352K, 63% used [0x00000000f5600000,0x00000000fbc9f598,0x00000000ff680000)
  to   space 167936K, 0% used [0x00000000eb200000,0x00000000eb200000,0x00000000f5600000)
 ParOldGen       total 1048576K, used 914822K [0x00000000a0000000, 0x00000000e0000000, 0x00000000e0000000)
  object space 1048576K, 87% used [0x00000000a0000000,0x00000000d7d618d8,0x00000000e0000000)
 Metaspace       used 72910K, capacity 75380K, committed 76800K, reserved 1116160K
  class space    used 9074K, capacity 9550K, committed 9984K, reserved 1048576K
Event: 5807.267 GC heap after
Heap after GC invocations=426 (full 81):
 PSYoungGen      total 314368K, used 131694K [0x00000000e0000000, 0x0000000100000000, 0x0000000100000000)
  eden space 182272K, 0% used [0x00000000e0000000,0x00000000e0000000,0x00000000eb200000)
  from space 132096K, 99% used [0x00000000eb200000,0x00000000f329bb20,0x00000000f3300000)
  to   space 174592K, 0% used [0x00000000f5580000,0x00000000f5580000,0x0000000100000000)
 ParOldGen       total 1048576K, used 914822K [0x00000000a0000000, 0x00000000e0000000, 0x00000000e0000000)
  object space 1048576K, 87% used [0x00000000a0000000,0x00000000d7d618d8,0x00000000e0000000)
 Metaspace       used 72910K, capacity 75380K, committed 76800K, reserved 1116160K
  class space    used 9074K, capacity 9550K, committed 9984K, reserved 1048576K
}
Event: 5807.613 GC heap before
{Heap before GC invocations=427 (full 81):
 PSYoungGen      total 314368K, used 313966K [0x00000000e0000000, 0x0000000100000000, 0x0000000100000000)
  eden space 182272K, 100% used [0x00000000e0000000,0x00000000eb200000,0x00000000eb200000)
  from space 132096K, 99% used [0x00000000eb200000,0x00000000f329bb20,0x00000000f3300000)
  to   space 174592K, 0% used [0x00000000f5580000,0x00000000f5580000,0x0000000100000000)
 ParOldGen       total 1048576K, used 914822K [0x00000000a0000000, 0x00000000e0000000, 0x00000000e0000000)
  object space 1048576K, 87% used [0x00000000a0000000,0x00000000d7d618d8,0x00000000e0000000)
 Metaspace       used 72910K, capacity 75380K, committed 76800K, reserved 1116160K
  class space    used 9074K, capacity 9550K, committed 9984K, reserved 1048576K
Event: 5807.930 GC heap after
Heap after GC invocations=427 (full 81):
 PSYoungGen      total 349696K, used 110452K [0x00000000e0000000, 0x0000000100000000, 0x0000000100000000)
  eden space 175104K, 0% used [0x00000000e0000000,0x00000000e0000000,0x00000000eab00000)
  from space 174592K, 63% used [0x00000000f5580000,0x00000000fc15d178,0x0000000100000000)
  to   space 174592K, 0% used [0x00000000eab00000,0x00000000eab00000,0x00000000f5580000)
 ParOldGen       total 1048576K, used 962287K [0x00000000a0000000, 0x00000000e0000000, 0x00000000e0000000)
  object space 1048576K, 91% used [0x00000000a0000000,0x00000000dabbbce8,0x00000000e0000000)
 Metaspace       used 72910K, capacity 75380K, committed 76800K, reserved 1116160K
  class space    used 9074K, capacity 9550K, committed 9984K, reserved 1048576K
}
Event: 5808.188 GC heap before
{Heap before GC invocations=428 (full 81):
 PSYoungGen      total 349696K, used 285556K [0x00000000e0000000, 0x0000000100000000, 0x0000000100000000)
  eden space 175104K, 100% used [0x00000000e0000000,0x00000000eab00000,0x00000000eab00000)
  from space 174592K, 63% used [0x00000000f5580000,0x00000000fc15d178,0x0000000100000000)
  to   space 174592K, 0% used [0x00000000eab00000,0x00000000eab00000,0x00000000f5580000)
 ParOldGen       total 1048576K, used 962287K [0x00000000a0000000, 0x00000000e0000000, 0x00000000e0000000)
  object space 1048576K, 91% used [0x00000000a0000000,0x00000000dabbbce8,0x00000000e0000000)
 Metaspace       used 72910K, capacity 75380K, committed 76800K, reserved 1116160K
  class space    used 9074K, capacity 9550K, committed 9984K, reserved 1048576K
Event: 5808.422 GC heap after
Heap after GC invocations=428 (full 81):
 PSYoungGen      total 349696K, used 104380K [0x00000000e0000000, 0x0000000100000000, 0x0000000100000000)
  eden space 175104K, 0% used [0x00000000e0000000,0x00000000e0000000,0x00000000eab00000)
  from space 174592K, 59% used [0x00000000eab00000,0x00000000f10ef120,0x00000000f5580000)
  to   space 174592K, 0% used [0x00000000f5580000,0x00000000f5580000,0x0000000100000000)
 ParOldGen       total 1048576K, used 993541K [0x00000000a0000000, 0x00000000e0000000, 0x00000000e0000000)
  object space 1048576K, 94% used [0x00000000a0000000,0x00000000dca41620,0x00000000e0000000)
 Metaspace       used 72910K, capacity 75380K, committed 76800K, reserved 1116160K
  class space    used 9074K, capacity 9550K, committed 9984K, reserved 1048576K
}
Event: 5808.422 GC heap before
{Heap before GC invocations=429 (full 82):
 PSYoungGen      total 349696K, used 104380K [0x00000000e0000000, 0x0000000100000000, 0x0000000100000000)
  eden space 175104K, 0% used [0x00000000e0000000,0x00000000e0000000,0x00000000eab00000)
  from space 174592K, 59% used [0x00000000eab00000,0x00000000f10ef120,0x00000000f5580000)
  to   space 174592K, 0% used [0x00000000f5580000,0x00000000f5580000,0x0000000100000000)
 ParOldGen       total 1048576K, used 993541K [0x00000000a0000000, 0x00000000e0000000, 0x00000000e0000000)
  object space 1048576K, 94% used [0x00000000a0000000,0x00000000dca41620,0x00000000e0000000)
 Metaspace       used 72910K, capacity 75380K, committed 76800K, reserved 1116160K
  class space    used 9074K, capacity 9550K, committed 9984K, reserved 1048576K

